<?xml version="1.0" encoding="UTF-8"?>
<!-- Generated by org.testng.reporters.JUnitReportReporter -->
<testsuite hostname="M236453D4JG5J" failures="0" tests="6" name="com.alphabet.page.PageLevelRegression" time="59.301" errors="0" timestamp="9 Aug 2021 13:23:59 GMT">
  <testcase classname="com.alphabet.page.PageLevelRegression" name="validateProductList" time="14.816"/>
  <testcase classname="com.alphabet.page.PageLevelRegression" name="validateValidPage" time="7.350"/>
  <testcase classname="com.alphabet.page.PageLevelRegression" name="validateValidPage" time="11.931"/>
  <testcase classname="com.alphabet.page.PageLevelRegression" name="validateProductList" time="12.009"/>
  <testcase classname="com.alphabet.page.PageLevelRegression" name="validateValidPage" time="6.337"/>
  <testcase classname="com.alphabet.page.PageLevelRegression" name="validateProductList" time="6.858"/>
</testsuite> <!-- com.alphabet.page.PageLevelRegression -->
